<?xml version="1.0" encoding="utf-8"?><testsuites name="pytest tests"><testsuite name="pytest" errors="0" failures="0" skipped="0" tests="13" time="1.406" timestamp="2026-05-10T16:14:34.873435+00:00" hostname="agent-env-c43f19bb-0f1b-4369-9d4a-8190da24b72e"><testcase classname="backend.tests.test_beppe_api" name="test_root_health" time="0.277" /><testcase classname="backend.tests.test_beppe_api" name="test_tts_status_removed" time="0.049" /><testcase classname="backend.tests.test_beppe_api" name="test_tts_post_removed" time="0.044" /><testcase classname="backend.tests.test_beppe_api.TestFolders" name="test_create_folder" time="0.046" /><testcase classname="backend.tests.test_beppe_api.TestFolders" name="test_list_folders" time="0.043" /><testcase classname="backend.tests.test_beppe_api.TestFolders" name="test_patch_folder" time="0.047" /><testcase classname="backend.tests.test_beppe_api.TestFolders" name="test_delete_folder" time="0.093" /><testcase classname="backend.tests.test_beppe_api.TestBooks" name="test_upload_txt" time="0.055" /><testcase classname="backend.tests.test_beppe_api.TestBooks" name="test_list_books_contains" time="0.046" /><testcase classname="backend.tests.test_beppe_api.TestBooks" name="test_get_book_full" time="0.043" /><testcase classname="backend.tests.test_beppe_api.TestBooks" name="test_patch_book_title_and_length_clamp" time="0.142" /><testcase classname="backend.tests.test_beppe_api.TestBooks" name="test_progress_clamps" time="0.147" /><testcase classname="backend.tests.test_beppe_api.TestBooks" name="test_delete_book" time="0.127" /></testsuite></testsuites>